<?xml version="1.0" encoding="UTF-8"?>
<!-- Generated by org.testng.reporters.JUnitReportReporter -->
<testsuite hostname="Durga" failures="0" tests="5" name="test.BrowserStackTest" time="177.578" errors="0" timestamp="2024-12-26T10:40:10 IST" skipped="0">
  <testcase classname="test.BrowserStackTest" name="runTest" time="20.813"/>
  <system-out/>
  <testcase classname="test.BrowserStackTest" name="runTest" time="39.015"/>
  <system-out/>
  <testcase classname="test.BrowserStackTest" name="runTest" time="37.872"/>
  <system-out/>
  <testcase classname="test.BrowserStackTest" name="runTest" time="46.445"/>
  <system-out/>
  <testcase classname="test.BrowserStackTest" name="runTest" time="33.433"/>
  <system-out/>
</testsuite> <!-- test.BrowserStackTest -->
